<?xml version="1.0" encoding="UTF-8"?>
<!-- Generated by org.testng.reporters.JUnitReportReporter -->
<testsuite skipped="0" hostname="A6ZPH5CD9092254" name="test.postpago.postpagoTests.AdministraTusProductosPosTests" tests="13" failures="0" timestamp="23 dic 2020 16:40:29 GMT" time="325.404" errors="0">
  <testcase name="pos001_ConsultarDetalleConsumosdatos" time="100.650" classname="test.postpago.postpagoTests.AdministraTusProductosPosTests"/>
  <testcase name="pos002_ConsultarPagaTuFactura" time="21.782" classname="test.postpago.postpagoTests.AdministraTusProductosPosTests"/>
  <testcase name="pos003_ConsultarDetallePlan" time="12.846" classname="test.postpago.postpagoTests.AdministraTusProductosPosTests"/>
  <testcase name="pos004_ConsultarRecargasYPaquetes" time="18.049" classname="test.postpago.postpagoTests.AdministraTusProductosPosTests"/>
  <testcase name="pos005_RoamingInternacional" time="17.072" classname="test.postpago.postpagoTests.AdministraTusProductosPosTests"/>
  <testcase name="pos006_SimuladorDeFinanciamiento" time="20.967" classname="test.postpago.postpagoTests.AdministraTusProductosPosTests"/>
  <testcase name="pos007_MisEquiposFinanciados" time="17.221" classname="test.postpago.postpagoTests.AdministraTusProductosPosTests"/>
  <testcase name="pos008_CambiaTuNumero" time="15.159" classname="test.postpago.postpagoTests.AdministraTusProductosPosTests"/>
  <testcase name="pos009_AdquiereLineaNuevaPos" time="21.128" classname="test.postpago.postpagoTests.AdministraTusProductosPosTests"/>
  <testcase name="pos010_TiendaClaroPos" time="23.161" classname="test.postpago.postpagoTests.AdministraTusProductosPosTests"/>
  <testcase name="pos011_AdelantaSaldo" time="18.160" classname="test.postpago.postpagoTests.AdministraTusProductosPosTests"/>
  <testcase name="pos012_PortabilidadPostpago" time="23.244" classname="test.postpago.postpagoTests.AdministraTusProductosPosTests"/>
  <testcase name="pos013_DesasociarCuentaPos" time="15.965" classname="test.postpago.postpagoTests.AdministraTusProductosPosTests"/>
</testsuite> <!-- test.postpago.postpagoTests.AdministraTusProductosPosTests -->
