<?xml version="1.0" encoding="UTF-8"?>
<!-- Generated by org.testng.reporters.JUnitReportReporter -->
<testsuite skipped="0" hostname="A6ZPH5CD9092254" name="test.postpago.postpagoTests.MasBeneficiosPosTests" tests="3" failures="0" timestamp="23 dic 2020 16:40:29 GMT" time="65.306" errors="0">
  <testcase name="pos022_ClaroClub" time="45.184" classname="test.postpago.postpagoTests.MasBeneficiosPosTests"/>
  <testcase name="pos023_FamiliaYAmigos" time="9.587" classname="test.postpago.postpagoTests.MasBeneficiosPosTests"/>
  <testcase name="pos024_DatosCompartidos" time="10.535" classname="test.postpago.postpagoTests.MasBeneficiosPosTests"/>
</testsuite> <!-- test.postpago.postpagoTests.MasBeneficiosPosTests -->
